Determining if the pthread_create exist failed with the following output:
Change Dir: /home/gb/catkin_ws/src/pcl_cpp_tutorial/build/CMakeFiles/CMakeTmp

Run Build Command:"/usr/bin/ninja" "cmTC_8aa14"
[1/2] Building C object CMakeFiles/cmTC_8aa14.dir/CheckSymbolExists.c.o
[2/2] Linking C executable cmTC_8aa14
FAILED: cmTC_8aa14 
: && /usr/bin/gcc   -rdynamic CMakeFiles/cmTC_8aa14.dir/CheckSymbolExists.c.o  -o cmTC_8aa14   && :
CMakeFiles/cmTC_8aa14.dir/CheckSymbolExists.c.o: In function `main':
CheckSymbolExists.c:(.text+0x1b): undefined reference to `pthread_create'
collect2: error: ld returned 1 exit status
ninja: build stopped: subcommand failed.

File /home/gb/catkin_ws/src/pcl_cpp_tutorial/build/CMakeFiles/CMakeTmp/CheckSymbolExists.c:
/* */
#include <pthread.h>

int main(int argc, char** argv)
{
  (void)argv;
#ifndef pthread_create
  return ((int*)(&pthread_create))[argc];
#else
  (void)argc;
  return 0;
#endif
}

Determining if the function pthread_create exists in the pthreads failed with the following output:
Change Dir: /home/gb/catkin_ws/src/pcl_cpp_tutorial/build/CMakeFiles/CMakeTmp

Run Build Command:"/usr/bin/ninja" "cmTC_8cb9d"
[1/2] Building C object CMakeFiles/cmTC_8cb9d.dir/CheckFunctionExists.c.o
[2/2] Linking C executable cmTC_8cb9d
FAILED: cmTC_8cb9d 
: && /usr/bin/gcc -DCHECK_FUNCTION_EXISTS=pthread_create  -rdynamic CMakeFiles/cmTC_8cb9d.dir/CheckFunctionExists.c.o  -o cmTC_8cb9d  -lpthreads && :
/usr/bin/ld: cannot find -lpthreads
collect2: error: ld returned 1 exit status
ninja: build stopped: subcommand failed.


